<?xml version="1.0" encoding="UTF-8"?>
<!-- Generated by org.testng.reporters.JUnitXMLReporter -->
<testsuite ignored="0" hostname="PrashantOjha-PC" failures="0" tests="4" name="Default test" time="18.829" errors="0" timestamp="29 Jan 2019 20:42:08 GMT">
  <testcase classname="com.datadrivenTesting.NewGmailNewAccountTest" name="gmailTest" time="2.172"/>
  <testcase classname="com.datadrivenTesting.NewGmailNewAccountTest" name="gmailTest" time="2.721"/>
  <testcase classname="com.datadrivenTesting.NewGmailNewAccountTest" name="gmailTest" time="2.271"/>
  <testcase classname="com.datadrivenTesting.NewGmailNewAccountTest" name="gmailTest" time="2.569"/>
</testsuite> <!-- Default test -->
