<?xml version="1.0" encoding="UTF-8"?>
<testng-results ignored="0" total="4" passed="4" failed="0" skipped="0">
  <reporter-output>
  </reporter-output>
  <suite started-at="2019-01-29T20:41:49Z" name="Default suite" finished-at="2019-01-29T20:42:08Z" duration-ms="18829">
    <groups>
    </groups>
    <test started-at="2019-01-29T20:41:49Z" name="Default test" finished-at="2019-01-29T20:42:08Z" duration-ms="18829">
      <class name="com.datadrivenTesting.NewGmailNewAccountTest">
        <test-method is-config="true" signature="setUp()[pri:0, instance:com.datadrivenTesting.NewGmailNewAccountTest@fa36558]" started-at="2019-01-29T20:41:49Z" name="setUp" finished-at="2019-01-29T20:41:56Z" duration-ms="7469" status="PASS">
          <reporter-output>
          </reporter-output>
        </test-method> <!-- setUp -->
        <test-method signature="gmailTest(java.lang.String, java.lang.String, java.lang.String, java.lang.String, java.lang.String)[pri:0, instance:com.datadrivenTesting.NewGmailNewAccountTest@fa36558]" started-at="2019-01-29T20:41:57Z" name="gmailTest" data-provider="getDataFromExcelSheet" finished-at="2019-01-29T20:41:59Z" duration-ms="2172" status="PASS">
          <params>
            <param index="0">
              <value>
                <![CDATA[Prashant]]>
              </value>
            </param>
            <param index="1">
              <value>
                <![CDATA[Ojha]]>
              </value>
            </param>
            <param index="2">
              <value>
                <![CDATA[pojha]]>
              </value>
            </param>
            <param index="3">
              <value>
                <![CDATA[test111]]>
              </value>
            </param>
            <param index="4">
              <value>
                <![CDATA[test111]]>
              </value>
            </param>
          </params>
          <reporter-output>
          </reporter-output>
        </test-method> <!-- gmailTest -->
        <test-method signature="gmailTest(java.lang.String, java.lang.String, java.lang.String, java.lang.String, java.lang.String)[pri:0, instance:com.datadrivenTesting.NewGmailNewAccountTest@fa36558]" started-at="2019-01-29T20:41:59Z" name="gmailTest" data-provider="getDataFromExcelSheet" finished-at="2019-01-29T20:42:02Z" duration-ms="2721" status="PASS">
          <params>
            <param index="0">
              <value>
                <![CDATA[Niharika]]>
              </value>
            </param>
            <param index="1">
              <value>
                <![CDATA[Ojha]]>
              </value>
            </param>
            <param index="2">
              <value>
                <![CDATA[nojha]]>
              </value>
            </param>
            <param index="3">
              <value>
                <![CDATA[test222]]>
              </value>
            </param>
            <param index="4">
              <value>
                <![CDATA[test222]]>
              </value>
            </param>
          </params>
          <reporter-output>
          </reporter-output>
        </test-method> <!-- gmailTest -->
        <test-method signature="gmailTest(java.lang.String, java.lang.String, java.lang.String, java.lang.String, java.lang.String)[pri:0, instance:com.datadrivenTesting.NewGmailNewAccountTest@fa36558]" started-at="2019-01-29T20:42:02Z" name="gmailTest" data-provider="getDataFromExcelSheet" finished-at="2019-01-29T20:42:04Z" duration-ms="2271" status="PASS">
          <params>
            <param index="0">
              <value>
                <![CDATA[Ram]]>
              </value>
            </param>
            <param index="1">
              <value>
                <![CDATA[Ojha]]>
              </value>
            </param>
            <param index="2">
              <value>
                <![CDATA[rojha]]>
              </value>
            </param>
            <param index="3">
              <value>
                <![CDATA[test333]]>
              </value>
            </param>
            <param index="4">
              <value>
                <![CDATA[test333]]>
              </value>
            </param>
          </params>
          <reporter-output>
          </reporter-output>
        </test-method> <!-- gmailTest -->
        <test-method signature="gmailTest(java.lang.String, java.lang.String, java.lang.String, java.lang.String, java.lang.String)[pri:0, instance:com.datadrivenTesting.NewGmailNewAccountTest@fa36558]" started-at="2019-01-29T20:42:04Z" name="gmailTest" data-provider="getDataFromExcelSheet" finished-at="2019-01-29T20:42:07Z" duration-ms="2569" status="PASS">
          <params>
            <param index="0">
              <value>
                <![CDATA[Meena]]>
              </value>
            </param>
            <param index="1">
              <value>
                <![CDATA[Ojha]]>
              </value>
            </param>
            <param index="2">
              <value>
                <![CDATA[mojha]]>
              </value>
            </param>
            <param index="3">
              <value>
                <![CDATA[test444]]>
              </value>
            </param>
            <param index="4">
              <value>
                <![CDATA[test444]]>
              </value>
            </param>
          </params>
          <reporter-output>
          </reporter-output>
        </test-method> <!-- gmailTest -->
        <test-method is-config="true" signature="tearDown()[pri:0, instance:com.datadrivenTesting.NewGmailNewAccountTest@fa36558]" started-at="2019-01-29T20:42:07Z" name="tearDown" finished-at="2019-01-29T20:42:08Z" duration-ms="630" status="PASS">
          <reporter-output>
          </reporter-output>
        </test-method> <!-- tearDown -->
      </class> <!-- com.datadrivenTesting.NewGmailNewAccountTest -->
    </test> <!-- Default test -->
  </suite> <!-- Default suite -->
</testng-results>
